
Loading: E:\joystudy\NDG\Priset\Skill.xlsx
Parse sheet: Sheet1
Parsing: E:\joystudy\NDG\Priset\Skill.xlsx.$$$\Sheet1.csv
Parse sheet: Sheet2
Parsing: E:\joystudy\NDG\Priset\Skill.xlsx.$$$\Sheet2.csv
Parse sheet: Sheet3
Parsing: E:\joystudy\NDG\Priset\Skill.xlsx.$$$\Sheet3.csv
Closing: E:\joystudy\NDG\Priset\Skill.xlsx
------------------------------------------------------------------------------
[Skill.xlsx(Sheet1): ROW 2]
Found object mark: '#Skill[{}]'
[Skill.xlsx(Sheet1): ROW 2]
 Key: SkillName at 1
[Skill.xlsx(Sheet1): ROW 2]
 Key: SkillValue at 2
[Skill.xlsx(Sheet1): ROW 2]
 Key: SkillTime at 3
[Skill.xlsx(Sheet1): ROW 2]
 Key: SkillContent at 4
[Skill.xlsx(Sheet1): ROW 2]
 Key: SkillIndex at 5
Parsing Array Object Table...
